runstep : [10, 0, 30, 20, 40, 30, 50, 20, 60, 50, 90, 40, 20, 20, 10, 10, 40, 10, 20, 40, 10, 10, 20, 20, 30, 40, 30, 20, 150, 40, 30, 10, 20, 50, 10, 30, 30, 10, 40, 30, 0, 20, 10, 50, 10, 20, 50, 50, 30, 40, 40, 50, 40, 30, 20, 50, 40, 10, 20, 20, 10, 20, 60, 140, 80, 10, 40, 20, 30, 10, 30, 50, 40, 50, 50, 50, 20, 20, 20, 70, 10, 290, 20, 40, 10, 20, 30, 30, 50, 20, 70, 20, 70, 80, 10, 30, 20, 20, 40, 50, 10, 40, 20, 20, 10, 20, 10, 40, 20, 20, 30, 20, 10, 20, 30, 30, 30, 40, 40, 10, 50, 30, 10, 30, 30, 10, 20, 30, 20, 10, 50, 20, 0, 20, 10, 50, 40, 10, 20, 30, 60, 30, 30, 20, 20, 20, 20, 20, 20, 10, 10, 30, 50, 20, 10, 20, 50, 50, 30, 20, 40, 30, 10, 10, 30, 10, 50, 30, 50, 10, 30, 20, 20, 70, 30, 20, 20, 30, 100, 100, 60, 10, 30, 20, 30, 20, 0, 40, 20, 40, 90, 120, 20, 20, 30, 50, 30, 70, 10, 20, 10, 40, 10, 60, 10, 20, 20, 50, 10, 30, 60, 30, 50, 80, 40, 10, 10, 30, 30, 20, 30, 20, 40, 50, 10, 70, 10, 10, 70, 60, 20, 60, 50, 20, 50, 10, 10, 10, 50, 110, 40, 0, 60, 30, 30, 0, 70, 50, 30, 70, 30, 40, 40, 30, 10, 30, 20, 20, 100, 20, 20, 70, 40, 10, 50, 30, 10, 80, 10, 30, 60, 50, 20, 30, 90, 10, 20, 10, 50, 40, 30, 40, 50, 10, 20, 20, 30, 30, 30, 40, 40, 20, 20, 40, 10, 60, 10, 30, 30, 30, 50, 10, 80, 40, 50, 40, 20, 20, 30, 10, 30, 10, 30, 40, 40, 20, 10, 30, 10, 30, 0, 10, 20, 40, 20, 10, 10, 10, 10, 20, 50, 10, 10, 80, 30, 10, 0, 50, 50, 50, 40, 20, 30, 10, 10, 40, 70, 30, 30, 10, 40, 10, 0, 50, 20, 50, 20, 30, 20, 20, 10, 30, 20, 60, 40, 20, 30, 90, 30, 70, 20, 40, 10, 20, 50, 50, 20, 20, 20, 10, 10, 20, 20, 50, 50, 30, 30, 20, 40, 0, 30, 10, 30, 20, 40, 30, 110, 30, 60, 50, 90, 60, 0, 20, 20, 30, 10, 10, 10, 50, 20, 130, 40, 30, 210, 20, 30, 50, 30, 10, 20, 30, 50, 30, 30, 10, 30, 30, 10, 40, 40, 20, 20, 20, 10, 20, 20, 10, 10, 30, 30, 20, 20, 40, 0, 20, 120, 30, 40, 30, 20, 30, 10, 10, 20, 30, 10, 40, 20, 10, 30, 170, 30, 40, 30, 10, 30, 30, 10, 30, 20, 10, 30, 10, 20, 40, 70, 10, 20, 40, 40, 50, 10, 30, 30, 20, 10, 70, 20, 80, 90, 20, 60, 10, 10, 20, 20, 100, 110, 10, 20, 10, 30, 10, 20, 20, 10, 40, 20, 20, 30, 20, 10, 40, 40, 0, 60, 40, 30, 50, 10, 10, 30, 10, 60, 30, 40, 20, 20, 20, 20, 10, 10, 20, 10, 20, 40, 20, 10, 30, 30, 140, 30, 20, 40, 10, 50, 30, 70, 30, 60, 30, 0, 40, 10, 80, 30, 30, 10, 10, 40, 30, 30, 30, 20, 60, 80, 10, 20, 20, 30, 30, 60, 60, 40, 10, 10, 30, 30, 10, 80, 20, 120, 50, 30, 30, 20, 50, 40, 30, 20, 190, 20, 0, 10, 10, 20, 40, 50, 20, 0, 10, 30, 30, 50, 10, 20, 70, 40, 10, 30, 10, 30, 40, 10, 40, 10, 20, 80, 190, 20, 10, 30, 40, 40, 40, 10, 20, 10, 140, 60, 20, 20, 10, 40, 20, 50, 60, 50, 20, 10, 40, 10, 10, 30, 40, 20, 40, 10, 20, 20, 30, 70, 30, 30, 40, 130, 30, 10, 20, 30, 20, 110, 30, 30, 40, 50, 40, 20, 10, 50, 60, 30, 10, 30, 50, 40, 20, 90, 10, 70, 10, 20, 0, 20, 10, 30, 10, 20, 10, 30, 50, 20, 10, 70, 70, 40, 20, 40, 10, 10, 10, 10, 30, 30, 10, 30, 70, 10, 30, 20, 20, 30, 30, 10, 30, 60, 10, 20, 30, 30, 30, 20, 40, 10, 10, 10, 40, 30, 30, 10, 20, 10, 50, 70, 30, 40, 50, 20, 40, 30, 40, 160, 40, 30, 40, 20, 10, 100, 40, 60, 30, 50, 10, 150, 40, 10, 40, 30, 30, 60, 30, 20, 40, 50, 30, 40, 30, 60, 40, 30, 10, 60, 70, 40, 10, 30, 50, 10, 10, 40, 30, 30, 50, 30, 30, 20, 70, 110, 20, 20, 20, 10, 50, 20, 40, 30, 30, 50, 20, 10, 80, 80, 40, 40, 40, 10, 20, 20, 10, 10, 0, 30, 70, 20, 20, 10, 10, 20, 10, 10, 10, 30, 10, 30, 40, 40, 20, 30, 20, 40, 40, 110, 30, 10, 30, 40, 20, 30, 30, 50, 40, 30, 10, 30, 20, 30, 40, 310, 10, 30, 40, 30, 30, 20, 40, 30, 20, 20, 30, 10, 10, 10, 10, 10, 20, 90, 40, 40, 10, 30, 10, 20, 40, 20, 50, 20, 30, 20, 20, 50, 20, 70, 10, 60, 120, 30, 10, 30, 40, 30, 20, 30, 30, 10, 30, 10, 40, 30, 50, 20, 40, 40, 60, 10, 20, 40, 10, 30, 20, 10, 10, 10, 10, 10, 50, 70, 10, 10, 20, 10, 30, 70, 60, 60, 70, 60, 10, 20, 30, 10, 50, 10, 50, 30, 20, 30, 10, 30, 40, 20, 30, 30, 0, 10, 50, 10, 10, 20, 10, 20, 30, 10, 40, 0, 20, 30, 40, 30, 0, 30, 30, 20, 40, 60, 160, 30, 20, 60, 10, 30, 50, 10, 60, 30, 140, 10, 40, 30, 10, 30, 50, 30, 20, 30, 50, 20, 50, 30, 10, 30, 80, 30, 20, 100, 30, 40, 30, 20, 40, 70, 10, 40, 60, 20, 40, 30, 30, 40, 60, 60, 20, 10, 20, 10, 20, 60, 50, 30, 10, 20, 30, 20, 60, 70, 40, 20, 50, 50, 20, 40, 20, 30, 10, 10, 30, 20, 20, 40, 40, 10, 30, 30, 20, 40, 30, 10, 20, 20, 40, 20, 30, 20, 10, 40, 30, 30, 30, 90, 10, 10, 40, 40, 60, 20, 10, 20, 40, 50, 20, 10, 20, 50, 0, 10, 40, 20, 0, 40, 30, 10, 10, 20, 20, 30, 30, 20, 50, 20, 40, 10, 10, 40, 30, 70, 60, 40, 50, 20, 20, 30, 20, 50, 150, 50, 20, 20, 10, 10]
[[4.4363887e-07 1.1413817e-07 9.9993229e-01 6.1666542e-06 4.4570155e-05
  7.1218260e-06 2.6396208e-06 2.7640335e-06 4.8844392e-08 3.7431407e-06]]
(32, 32, 3)
[[4.4380311e-08 1.2651742e-08 9.9998248e-01 3.3971392e-07 7.7382629e-06
  5.8704886e-06 5.1122578e-07 2.8191475e-06 3.1424272e-09 2.4091344e-07]]
0.001673930684829017
l2real: 0.023665541504509027
[[4.4380311e-08 1.2651742e-08 9.9998248e-01 3.3971392e-07 7.7382629e-06
  5.8704886e-06 5.1122578e-07 2.8191475e-06 3.1424272e-09 2.4091344e-07]]
(32, 32, 3)
[[3.3413426e-07 3.8648277e-08 9.9834406e-01 4.2200618e-06 1.6137713e-03
  2.6916483e-05 1.3738178e-06 7.5981698e-06 4.5402206e-08 1.7498453e-06]]
0.02334652105481827
l2real: 0.3486238677493025
[[3.3413426e-07 3.8648277e-08 9.9834406e-01 4.2200618e-06 1.6137713e-03
  2.6916483e-05 1.3738178e-06 7.5981698e-06 4.5402206e-08 1.7498453e-06]]
(32, 32, 3)
[[5.4669403e-08 1.4854159e-08 7.4314063e-05 2.8476354e-06 9.9990118e-01
  1.5829598e-06 1.4315633e-07 1.9227873e-05 1.4524987e-08 5.9870115e-07]]
0.031
l2real: 0.5015425108848046
[[5.4669403e-08 1.4854159e-08 7.4314063e-05 2.8476354e-06 9.9990118e-01
  1.5829598e-06 1.4315633e-07 1.9227873e-05 1.4524987e-08 5.9870115e-07]]
clipimage succImages: 1110  totalImages: 1123
lirealsucc: 0.031
successed: [5517, 5518, 5519, 5520, 5521, 5522, 5523, 5524, 5525, 5526, 5527, 5528, 5529, 5530, 5531, 5532, 5533, 5534, 5535, 5536, 5537, 5538, 5539, 5540, 5541, 5542, 5543, 5544, 5545, 5546, 5547, 5549, 5550, 5551, 5552, 5553, 5554, 5555, 5556, 5557, 5558, 5559, 5560, 5561, 5562, 5563, 5564, 5566, 5567, 5568, 5569, 5570, 5571, 5572, 5573, 5574, 5575, 5576, 5577, 5578, 5579, 5581, 5583, 5584, 5585, 5586, 5587, 5588, 5589, 5590, 5591, 5592, 5593, 5594, 5595, 5596, 5599, 5601, 5602, 5604, 5605, 5606, 5607, 5608, 5609, 5611, 5612, 5613, 5614, 5615, 5616, 5617, 5618, 5619, 5620, 5621, 5622, 5623, 5624, 5625, 5626, 5627, 5628, 5629, 5630, 5631, 5632, 5633, 5634, 5635, 5636, 5637, 5638, 5639, 5640, 5641, 5643, 5644, 5645, 5646, 5647, 5648, 5649, 5650, 5651, 5652, 5653, 5654, 5655, 5656, 5657, 5658, 5660, 5661, 5662, 5663, 5664, 5665, 5666, 5667, 5668, 5669, 5670, 5671, 5672, 5673, 5674, 5675, 5676, 5677, 5678, 5679, 5680, 5681, 5682, 5684, 5685, 5686, 5687, 5688, 5689, 5692, 5693, 5694, 5695, 5696, 5697, 5698, 5699, 5700, 5701, 5702, 5703, 5704, 5706, 5707, 5709, 5710, 5711, 5712, 5713, 5714, 5715, 5716, 5717, 5718, 5719, 5720, 5721, 5722, 5723, 5724, 5725, 5726, 5727, 5728, 5729, 5731, 5732, 5733, 5734, 5735, 5736, 5737, 5738, 5739, 5740, 5741, 5742, 5743, 5744, 5745, 5746, 5748, 5750, 5751, 5752, 5753, 5754, 5755, 5756, 5757, 5758, 5759, 5760, 5761, 5762, 5763, 5764, 5765, 5766, 5767, 5768, 5769, 5770, 5771, 5773, 5775, 5776, 5777, 5778, 5779, 5780, 5781, 5782, 5783, 5784, 5785, 5786, 5787, 5788, 5789, 5790, 5791, 5792, 5793, 5796, 5797, 5798, 5799, 5800, 5801, 5802, 5803, 5804, 5805, 5806, 5807, 5808, 5809, 5810, 5811, 5812, 5813, 5814, 5815, 5816, 5817, 5818, 5819, 5821, 5822, 5823, 5824, 5825, 5826, 5827, 5828, 5829, 5831, 5832, 5833, 5834, 5836, 5837, 5838, 5839, 5840, 5841, 5842, 5843, 5844, 5845, 5846, 5847, 5848, 5849, 5850, 5851, 5852, 5853, 5854, 5855, 5857, 5858, 5859, 5860, 5861, 5862, 5863, 5864, 5865, 5866, 5867, 5869, 5870, 5871, 5872, 5873, 5874, 5875, 5876, 5878, 5879, 5880, 5881, 5883, 5884, 5885, 5887, 5888, 5889, 5891, 5892, 5893, 5894, 5895, 5896, 5897, 5898, 5899, 5900, 5901, 5902, 5903, 5904, 5905, 5906, 5907, 5909, 5910, 5911, 5912, 5913, 5914, 5915, 5916, 5918, 5919, 5920, 5921, 5922, 5923, 5924, 5925, 5926, 5927, 5928, 5929, 5930, 5931, 5932, 5933, 5934, 5935, 5936, 5937, 5938, 5939, 5940, 5942, 5944, 5945, 5946, 5947, 5948, 5949, 5950, 5951, 5952, 5953, 5954, 5955, 5956, 5957, 5958, 5959, 5960, 5961, 5962, 5963, 5964, 5965, 5966, 5967, 5968, 5969, 5970, 5971, 5972, 5973, 5974, 5975, 5976, 5977, 5978, 5979, 5980, 5981, 5982, 5983, 5984, 5985, 5986, 5987, 5988, 5989, 5990, 5991, 5994, 5995, 5996, 5997, 5998, 6000, 6001, 6002, 6003, 6004, 6005, 6006, 6007, 6008, 6009, 6010, 6011, 6012, 6013, 6015, 6017, 6018, 6019, 6020, 6021, 6022, 6023, 6024, 6025, 6026, 6027, 6028, 6029, 6030, 6031, 6032, 6033, 6034, 6035, 6036, 6037, 6038, 6039, 6040, 6041, 6042, 6043, 6044, 6045, 6046, 6047, 6048, 6050, 6052, 6053, 6054, 6055, 6056, 6058, 6059, 6060, 6061, 6062, 6064, 6065, 6066, 6067, 6068, 6069, 6070, 6071, 6072, 6073, 6074, 6075, 6076, 6077, 6078, 6079, 6080, 6081, 6082, 6083, 6084, 6085, 6086, 6087, 6088, 6089, 6090, 6091, 6092, 6093, 6095, 6096, 6097, 6098, 6099, 6100, 6101, 6102, 6103, 6104, 6105, 6107, 6108, 6109, 6110, 6111, 6112, 6113, 6114, 6115, 6116, 6117, 6118, 6119, 6120, 6121, 6122, 6124, 6126, 6128, 6129, 6130, 6131, 6132, 6133, 6134, 6135, 6136, 6137, 6138, 6139, 6140, 6141, 6142, 6143, 6144, 6145, 6146, 6147, 6148, 6149, 6150, 6152, 6153, 6154, 6155, 6156, 6157, 6158, 6159, 6160, 6161, 6163, 6164, 6165, 6166, 6167, 6168, 6169, 6170, 6171, 6172, 6173, 6174, 6175, 6176, 6177, 6178, 6179, 6180, 6181, 6182, 6183, 6184, 6185, 6186, 6187, 6188, 6189, 6190, 6191, 6192, 6193, 6194, 6195, 6196, 6197, 6198, 6199, 6200, 6201, 6202, 6203, 6204, 6205, 6207, 6208, 6209, 6210, 6211, 6212, 6213, 6214, 6215, 6216, 6217, 6218, 6219, 6220, 6221, 6222, 6223, 6224, 6225, 6226, 6227, 6228, 6229, 6230, 6231, 6232, 6233, 6234, 6235, 6236, 6237, 6238, 6239, 6240, 6241, 6242, 6243, 6244, 6245, 6246, 6247, 6248, 6249, 6250, 6251, 6252, 6253, 6254, 6255, 6256, 6258, 6259, 6260, 6261, 6262, 6263, 6264, 6265, 6266, 6267, 6268, 6269, 6270, 6271, 6272, 6273, 6275, 6276, 6277, 6278, 6279, 6280, 6281, 6282, 6284, 6285, 6286, 6287, 6288, 6289, 6290, 6291, 6292, 6293, 6294, 6295, 6296, 6297, 6298, 6299, 6300, 6301, 6302, 6303, 6304, 6305, 6306, 6307, 6308, 6309, 6310, 6311, 6312, 6313, 6314, 6315, 6316, 6317, 6318, 6319, 6320, 6321, 6322, 6323, 6324, 6325, 6326, 6327, 6328, 6329, 6330, 6331, 6332, 6333, 6334, 6335, 6336, 6337, 6338, 6340, 6341, 6342, 6343, 6344, 6345, 6346, 6347, 6348, 6349, 6351, 6352, 6353, 6354, 6355, 6356, 6357, 6358, 6359, 6360, 6361, 6362, 6363, 6364, 6365, 6366, 6367, 6368, 6369, 6370, 6371, 6372, 6373, 6374, 6375, 6376, 6377, 6378, 6379, 6380, 6381, 6383, 6385, 6386, 6387, 6388, 6389, 6390, 6391, 6392, 6393, 6394, 6395, 6396, 6397, 6398, 6399, 6400, 6402, 6403, 6404, 6405, 6406, 6407, 6408, 6409, 6410, 6411, 6412, 6413, 6414, 6415, 6416, 6417, 6418, 6420, 6421, 6422, 6423, 6424, 6425, 6426, 6427, 6429, 6430, 6431, 6432, 6433, 6434, 6435, 6437, 6438, 6439, 6440, 6441, 6443, 6445, 6446, 6447, 6448, 6449, 6450, 6451, 6452, 6453, 6454, 6455, 6457, 6458, 6460, 6461, 6462, 6463, 6464, 6465, 6467, 6468, 6469, 6470, 6471, 6472, 6473, 6474, 6475, 6476, 6477, 6478, 6479, 6480, 6481, 6482, 6483, 6484, 6485, 6486, 6487, 6488, 6489, 6490, 6491, 6492, 6493, 6494, 6495, 6496, 6497, 6498, 6499, 6500, 6501, 6502, 6503, 6504, 6505, 6506, 6507, 6508, 6509, 6510, 6511, 6512, 6514, 6515, 6516, 6517, 6518, 6519, 6520, 6521, 6523, 6524, 6525, 6526, 6527, 6528, 6529, 6531, 6532, 6533, 6534, 6535, 6536, 6537, 6538, 6539, 6540, 6541, 6542, 6543, 6544, 6546, 6547, 6548, 6549, 6550, 6551, 6552, 6553, 6554, 6555, 6556, 6557, 6558, 6559, 6560, 6561, 6562, 6563, 6564, 6565, 6566, 6567, 6568, 6569, 6570, 6571, 6572, 6573, 6575, 6576, 6577, 6578, 6579, 6580, 6581, 6582, 6583, 6584, 6585, 6586, 6587, 6589, 6591, 6592, 6593, 6594, 6595, 6597, 6598, 6599, 6600, 6601, 6602, 6603, 6604, 6605, 6606, 6607, 6608, 6609, 6610, 6611, 6612, 6613, 6614, 6615, 6616, 6617, 6618, 6619, 6620, 6621, 6622, 6623, 6624, 6625, 6626, 6627, 6628, 6629, 6630, 6631, 6632, 6633, 6634, 6635, 6636, 6637, 6638, 6639, 6640, 6641, 6642, 6643, 6644, 6645, 6646, 6647, 6648, 6649, 6650, 6651, 6652, 6654, 6655, 6657, 6658, 6659, 6660, 6661, 6662, 6663, 6664, 6665, 6666, 6667, 6668, 6669, 6670, 6671, 6672, 6673, 6674, 6676, 6677, 6678, 6679, 6680, 6681, 6682, 6683, 6684, 6685, 6686, 6687, 6688, 6689, 6690, 6691, 6692, 6693, 6694, 6695, 6696, 6698, 6699, 6700, 6701, 6702, 6703, 6704, 6705, 6706, 6707]
runstep : [10, 0, 30, 20, 40, 30, 50, 20, 60, 50, 90, 40, 20, 20, 10, 10, 40, 10, 20, 40, 10, 10, 20, 20, 30, 40, 30, 20, 150, 40, 30, 10, 20, 50, 10, 30, 30, 10, 40, 30, 0, 20, 10, 50, 10, 20, 50, 50, 30, 40, 40, 50, 40, 30, 20, 50, 40, 10, 20, 20, 10, 20, 60, 140, 80, 10, 40, 20, 30, 10, 30, 50, 40, 50, 50, 50, 20, 20, 20, 70, 10, 290, 20, 40, 10, 20, 30, 30, 50, 20, 70, 20, 70, 80, 10, 30, 20, 20, 40, 50, 10, 40, 20, 20, 10, 20, 10, 40, 20, 20, 30, 20, 10, 20, 30, 30, 30, 40, 40, 10, 50, 30, 10, 30, 30, 10, 20, 30, 20, 10, 50, 20, 0, 20, 10, 50, 40, 10, 20, 30, 60, 30, 30, 20, 20, 20, 20, 20, 20, 10, 10, 30, 50, 20, 10, 20, 50, 50, 30, 20, 40, 30, 10, 10, 30, 10, 50, 30, 50, 10, 30, 20, 20, 70, 30, 20, 20, 30, 100, 100, 60, 10, 30, 20, 30, 20, 0, 40, 20, 40, 90, 120, 20, 20, 30, 50, 30, 70, 10, 20, 10, 40, 10, 60, 10, 20, 20, 50, 10, 30, 60, 30, 50, 80, 40, 10, 10, 30, 30, 20, 30, 20, 40, 50, 10, 70, 10, 10, 70, 60, 20, 60, 50, 20, 50, 10, 10, 10, 50, 110, 40, 0, 60, 30, 30, 0, 70, 50, 30, 70, 30, 40, 40, 30, 10, 30, 20, 20, 100, 20, 20, 70, 40, 10, 50, 30, 10, 80, 10, 30, 60, 50, 20, 30, 90, 10, 20, 10, 50, 40, 30, 40, 50, 10, 20, 20, 30, 30, 30, 40, 40, 20, 20, 40, 10, 60, 10, 30, 30, 30, 50, 10, 80, 40, 50, 40, 20, 20, 30, 10, 30, 10, 30, 40, 40, 20, 10, 30, 10, 30, 0, 10, 20, 40, 20, 10, 10, 10, 10, 20, 50, 10, 10, 80, 30, 10, 0, 50, 50, 50, 40, 20, 30, 10, 10, 40, 70, 30, 30, 10, 40, 10, 0, 50, 20, 50, 20, 30, 20, 20, 10, 30, 20, 60, 40, 20, 30, 90, 30, 70, 20, 40, 10, 20, 50, 50, 20, 20, 20, 10, 10, 20, 20, 50, 50, 30, 30, 20, 40, 0, 30, 10, 30, 20, 40, 30, 110, 30, 60, 50, 90, 60, 0, 20, 20, 30, 10, 10, 10, 50, 20, 130, 40, 30, 210, 20, 30, 50, 30, 10, 20, 30, 50, 30, 30, 10, 30, 30, 10, 40, 40, 20, 20, 20, 10, 20, 20, 10, 10, 30, 30, 20, 20, 40, 0, 20, 120, 30, 40, 30, 20, 30, 10, 10, 20, 30, 10, 40, 20, 10, 30, 170, 30, 40, 30, 10, 30, 30, 10, 30, 20, 10, 30, 10, 20, 40, 70, 10, 20, 40, 40, 50, 10, 30, 30, 20, 10, 70, 20, 80, 90, 20, 60, 10, 10, 20, 20, 100, 110, 10, 20, 10, 30, 10, 20, 20, 10, 40, 20, 20, 30, 20, 10, 40, 40, 0, 60, 40, 30, 50, 10, 10, 30, 10, 60, 30, 40, 20, 20, 20, 20, 10, 10, 20, 10, 20, 40, 20, 10, 30, 30, 140, 30, 20, 40, 10, 50, 30, 70, 30, 60, 30, 0, 40, 10, 80, 30, 30, 10, 10, 40, 30, 30, 30, 20, 60, 80, 10, 20, 20, 30, 30, 60, 60, 40, 10, 10, 30, 30, 10, 80, 20, 120, 50, 30, 30, 20, 50, 40, 30, 20, 190, 20, 0, 10, 10, 20, 40, 50, 20, 0, 10, 30, 30, 50, 10, 20, 70, 40, 10, 30, 10, 30, 40, 10, 40, 10, 20, 80, 190, 20, 10, 30, 40, 40, 40, 10, 20, 10, 140, 60, 20, 20, 10, 40, 20, 50, 60, 50, 20, 10, 40, 10, 10, 30, 40, 20, 40, 10, 20, 20, 30, 70, 30, 30, 40, 130, 30, 10, 20, 30, 20, 110, 30, 30, 40, 50, 40, 20, 10, 50, 60, 30, 10, 30, 50, 40, 20, 90, 10, 70, 10, 20, 0, 20, 10, 30, 10, 20, 10, 30, 50, 20, 10, 70, 70, 40, 20, 40, 10, 10, 10, 10, 30, 30, 10, 30, 70, 10, 30, 20, 20, 30, 30, 10, 30, 60, 10, 20, 30, 30, 30, 20, 40, 10, 10, 10, 40, 30, 30, 10, 20, 10, 50, 70, 30, 40, 50, 20, 40, 30, 40, 160, 40, 30, 40, 20, 10, 100, 40, 60, 30, 50, 10, 150, 40, 10, 40, 30, 30, 60, 30, 20, 40, 50, 30, 40, 30, 60, 40, 30, 10, 60, 70, 40, 10, 30, 50, 10, 10, 40, 30, 30, 50, 30, 30, 20, 70, 110, 20, 20, 20, 10, 50, 20, 40, 30, 30, 50, 20, 10, 80, 80, 40, 40, 40, 10, 20, 20, 10, 10, 0, 30, 70, 20, 20, 10, 10, 20, 10, 10, 10, 30, 10, 30, 40, 40, 20, 30, 20, 40, 40, 110, 30, 10, 30, 40, 20, 30, 30, 50, 40, 30, 10, 30, 20, 30, 40, 310, 10, 30, 40, 30, 30, 20, 40, 30, 20, 20, 30, 10, 10, 10, 10, 10, 20, 90, 40, 40, 10, 30, 10, 20, 40, 20, 50, 20, 30, 20, 20, 50, 20, 70, 10, 60, 120, 30, 10, 30, 40, 30, 20, 30, 30, 10, 30, 10, 40, 30, 50, 20, 40, 40, 60, 10, 20, 40, 10, 30, 20, 10, 10, 10, 10, 10, 50, 70, 10, 10, 20, 10, 30, 70, 60, 60, 70, 60, 10, 20, 30, 10, 50, 10, 50, 30, 20, 30, 10, 30, 40, 20, 30, 30, 0, 10, 50, 10, 10, 20, 10, 20, 30, 10, 40, 0, 20, 30, 40, 30, 0, 30, 30, 20, 40, 60, 160, 30, 20, 60, 10, 30, 50, 10, 60, 30, 140, 10, 40, 30, 10, 30, 50, 30, 20, 30, 50, 20, 50, 30, 10, 30, 80, 30, 20, 100, 30, 40, 30, 20, 40, 70, 10, 40, 60, 20, 40, 30, 30, 40, 60, 60, 20, 10, 20, 10, 20, 60, 50, 30, 10, 20, 30, 20, 60, 70, 40, 20, 50, 50, 20, 40, 20, 30, 10, 10, 30, 20, 20, 40, 40, 10, 30, 30, 20, 40, 30, 10, 20, 20, 40, 20, 30, 20, 10, 40, 30, 30, 30, 90, 10, 10, 40, 40, 60, 20, 10, 20, 40, 50, 20, 10, 20, 50, 0, 10, 40, 20, 0, 40, 30, 10, 10, 20, 20, 30, 30, 20, 50, 20, 40, 10, 10, 40, 30, 70, 60, 40, 50, 20, 20, 30, 20, 50, 150, 50, 20, 20, 10, 10, 20]
[[1.6497413e-14 3.2927071e-14 1.0000000e+00 6.6804140e-14 9.5654101e-12
  2.6458188e-11 7.7648851e-12 1.3584089e-12 6.9656500e-14 2.0587820e-15]]
(32, 32, 3)
[[1.7818905e-15 8.6552071e-15 1.0000000e+00 7.5975095e-15 1.0086080e-12
  4.1822075e-12 2.7651245e-12 2.5685788e-13 6.5137579e-15 4.3817615e-16]]
0.0015851190569998175
l2real: 0.025440525495797145
[[1.7818905e-15 8.6552071e-15 1.0000000e+00 7.5975095e-15 1.0086080e-12
  4.1822075e-12 2.7651245e-12 2.5685788e-13 6.5137579e-15 4.3817615e-16]]
(32, 32, 3)
[[1.5435786e-14 3.4256438e-14 1.0000000e+00 5.0984438e-14 1.6454260e-11
  5.3941972e-11 9.4626468e-12 2.3308809e-12 5.1423926e-14 1.8259220e-15]]
0.0018604871417794433
l2real: 0.027375462382621868
[[1.5435786e-14 3.4256438e-14 1.0000000e+00 5.0984438e-14 1.6454260e-11
  5.3941972e-11 9.4626468e-12 2.3308809e-12 5.1423926e-14 1.8259220e-15]]
(32, 32, 3)
[[5.5720017e-15 1.3102130e-14 1.0000000e+00 2.2012572e-14 5.0588496e-12
  4.5945092e-12 4.0203175e-12 9.0978093e-13 2.2786696e-14 6.6067474e-16]]
0.0018447287996893325
l2real: 0.029593882925799286
[[5.5720017e-15 1.3102130e-14 1.0000000e+00 2.2012572e-14 5.0588496e-12
  4.5945092e-12 4.0203175e-12 9.0978093e-13 2.2786696e-14 6.6067474e-16]]
(32, 32, 3)
[[1.9983433e-14 4.9596825e-14 1.0000000e+00 1.4636996e-13 9.8074257e-12
  5.2710402e-11 2.2142852e-11 1.7948517e-12 6.0516079e-14 3.4762978e-15]]
0.001960048003920689
l2real: 0.031030720833091444
[[1.9983433e-14 4.9596825e-14 1.0000000e+00 1.4636996e-13 9.8074257e-12
  5.2710402e-11 2.2142852e-11 1.7948517e-12 6.0516079e-14 3.4762978e-15]]
(32, 32, 3)
[[1.46447253e-14 3.59398993e-14 1.00000000e+00 7.00508783e-14
  1.64912719e-11 2.93775698e-11 1.37457155e-11 1.08904997e-12
  6.14157434e-14 1.55797968e-15]]
0.002022369101241872
l2real: 0.03199554937875175
[[1.46447253e-14 3.59398993e-14 1.00000000e+00 7.00508783e-14
  1.64912719e-11 2.93775698e-11 1.37457155e-11 1.08904997e-12
  6.14157434e-14 1.55797968e-15]]
(32, 32, 3)
[[7.6275368e-15 1.9871080e-14 1.0000000e+00 5.5073408e-14 1.2398456e-11
  6.7353588e-12 9.2184619e-12 1.0548592e-12 2.7910430e-14 1.1970351e-15]]
0.0024211430295423275
l2real: 0.033510595255135306
[[7.6275368e-15 1.9871080e-14 1.0000000e+00 5.5073408e-14 1.2398456e-11
  6.7353588e-12 9.2184619e-12 1.0548592e-12 2.7910430e-14 1.1970351e-15]]
(32, 32, 3)
[[4.4486723e-14 1.2969935e-13 1.0000000e+00 2.5297795e-13 1.9617518e-11
  5.4845180e-11 2.8356976e-11 8.6667678e-12 9.0905019e-14 5.5041031e-15]]
0.0024387901133932077
l2real: 0.03542136466457382
[[4.4486723e-14 1.2969935e-13 1.0000000e+00 2.5297795e-13 1.9617518e-11
  5.4845180e-11 2.8356976e-11 8.6667678e-12 9.0905019e-14 5.5041031e-15]]
(32, 32, 3)
[[9.1912350e-15 2.3145578e-14 1.0000000e+00 3.9248688e-14 2.6449296e-12
  1.0548054e-11 5.5204400e-12 1.1544267e-12 3.3421935e-14 7.0952557e-16]]
0.0025218419140266013
l2real: 0.036662414530681336
[[9.1912350e-15 2.3145578e-14 1.0000000e+00 3.9248688e-14 2.6449296e-12
  1.0548054e-11 5.5204400e-12 1.1544267e-12 3.3421935e-14 7.0952557e-16]]
(32, 32, 3)
[[7.6012212e-15 4.6057440e-14 1.0000000e+00 7.3606879e-14 7.0833708e-12
  2.7522082e-11 1.3807175e-11 1.5265982e-12 4.6504897e-14 2.5469061e-15]]
0.0027387999752813696
l2real: 0.03794840246892092
[[7.6012212e-15 4.6057440e-14 1.0000000e+00 7.3606879e-14 7.0833708e-12
  2.7522082e-11 1.3807175e-11 1.5265982e-12 4.6504897e-14 2.5469061e-15]]
(32, 32, 3)
[[1.8526547e-14 4.5773688e-14 1.0000000e+00 1.7915980e-13 2.4640586e-11
  3.7508323e-11 2.6863262e-11 2.2781200e-12 9.1125485e-14 5.2263504e-15]]
0.0028033561428925102
l2real: 0.03870755585258304
[[1.8526547e-14 4.5773688e-14 1.0000000e+00 1.7915980e-13 2.4640586e-11
  3.7508323e-11 2.6863262e-11 2.2781200e-12 9.1125485e-14 5.2263504e-15]]
(32, 32, 3)
[[1.7776447e-14 3.2156708e-14 1.0000000e+00 3.7011227e-14 1.6187423e-11
  2.1555450e-11 8.1728704e-12 2.0035280e-12 5.0529913e-14 1.3021033e-15]]
